# JRE version: Java(TM) SE Runtime Environment (8.0_321-b07) (build 1.8.0_321-b07)
# Java VM: Java HotSpot(TM) 64-Bit Server VM (25.321-b07 mixed mode windows-amd64 compressed oops)
Heap:
 PSYoungGen      total 180224K, used 25921K [0x000000076bd80000, 0x0000000778e80000, 0x00000007c0000000)
  eden space 157184K, 1% used [0x000000076bd80000,0x000000076c058398,0x0000000775700000)
  from space 23040K, 99% used [0x0000000775700000,0x0000000776d78290,0x0000000776d80000)
  to   space 19968K, 0% used [0x0000000776d80000,0x0000000776d80000,0x0000000778100000)
 ParOldGen       total 112640K, used 27599K [0x00000006c3800000, 0x00000006ca600000, 0x000000076bd80000)
  object space 112640K, 24% used [0x00000006c3800000,0x00000006c52f3fd8,0x00000006ca600000)
 Metaspace       used 34038K, capacity 34924K, committed 35072K, reserved 1079296K
  class space    used 4014K, capacity 4267K, committed 4352K, reserved 1048576K
GC Heap History (10 events):
Event: 3.274 GC heap before
{Heap before GC invocations=6 (full 1):
 PSYoungGen      total 75776K, used 65024K [0x000000076bd80000, 0x0000000775180000, 0x00000007c0000000)
  eden space 65024K, 100% used [0x000000076bd80000,0x000000076fd00000,0x000000076fd00000)
  from space 10752K, 0% used [0x0000000770780000,0x0000000770780000,0x0000000771200000)
  to   space 10752K, 0% used [0x000000076fd00000,0x000000076fd00000,0x0000000770780000)
 ParOldGen       total 112640K, used 12699K [0x00000006c3800000, 0x00000006ca600000, 0x000000076bd80000)
  object space 112640K, 11% used [0x00000006c3800000,0x00000006c4466ee0,0x00000006ca600000)
 Metaspace       used 23959K, capacity 24550K, committed 24704K, reserved 1071104K
  class space    used 2780K, capacity 2928K, committed 2944K, reserved 1048576K
Event: 3.280 GC heap after
Heap after GC invocations=6 (full 1):
 PSYoungGen      total 75776K, used 10724K [0x000000076bd80000, 0x0000000773800000, 0x00000007c0000000)
  eden space 65024K, 0% used [0x000000076bd80000,0x000000076bd80000,0x000000076fd00000)
  from space 10752K, 99% used [0x000000076fd00000,0x0000000770779238,0x0000000770780000)
  to   space 13824K, 0% used [0x0000000772a80000,0x0000000772a80000,0x0000000773800000)
 ParOldGen       total 112640K, used 14093K [0x00000006c3800000, 0x00000006ca600000, 0x000000076bd80000)
  object space 112640K, 12% used [0x00000006c3800000,0x00000006c45c3628,0x00000006ca600000)
 Metaspace       used 23959K, capacity 24550K, committed 24704K, reserved 1071104K
  class space    used 2780K, capacity 2928K, committed 2944K, reserved 1048576K
}
Event: 3.495 GC heap before
{Heap before GC invocations=7 (full 1):
 PSYoungGen      total 75776K, used 75748K [0x000000076bd80000, 0x0000000773800000, 0x00000007c0000000)
  eden space 65024K, 100% used [0x000000076bd80000,0x000000076fd00000,0x000000076fd00000)
  from space 10752K, 99% used [0x000000076fd00000,0x0000000770779238,0x0000000770780000)
  to   space 13824K, 0% used [0x0000000772a80000,0x0000000772a80000,0x0000000773800000)
 ParOldGen       total 112640K, used 14093K [0x00000006c3800000, 0x00000006ca600000, 0x000000076bd80000)
  object space 112640K, 12% used [0x00000006c3800000,0x00000006c45c3628,0x00000006ca600000)
 Metaspace       used 23998K, capacity 24614K, committed 24704K, reserved 1071104K
  class space    used 2780K, capacity 2928K, committed 2944K, reserved 1048576K
Event: 3.503 GC heap after
Heap after GC invocations=7 (full 1):
 PSYoungGen      total 109568K, used 13800K [0x000000076bd80000, 0x0000000774300000, 0x00000007c0000000)
  eden space 95744K, 0% used [0x000000076bd80000,0x000000076bd80000,0x0000000771b00000)
  from space 13824K, 99% used [0x0000000772a80000,0x00000007737fa3c0,0x0000000773800000)
  to   space 15872K, 0% used [0x0000000771b00000,0x0000000771b00000,0x0000000772a80000)
 ParOldGen       total 112640K, used 16345K [0x00000006c3800000, 0x00000006ca600000, 0x000000076bd80000)
  object space 112640K, 14% used [0x00000006c3800000,0x00000006c47f6588,0x00000006ca600000)
 Metaspace       used 23998K, capacity 24614K, committed 24704K, reserved 1071104K
  class space    used 2780K, capacity 2928K, committed 2944K, reserved 1048576K
}
Event: 3.772 GC heap before
{Heap before GC invocations=8 (full 1):
 PSYoungGen      total 109568K, used 109544K [0x000000076bd80000, 0x0000000774300000, 0x00000007c0000000)
  eden space 95744K, 100% used [0x000000076bd80000,0x0000000771b00000,0x0000000771b00000)
  from space 13824K, 99% used [0x0000000772a80000,0x00000007737fa3c0,0x0000000773800000)
  to   space 15872K, 0% used [0x0000000771b00000,0x0000000771b00000,0x0000000772a80000)
 ParOldGen       total 112640K, used 16345K [0x00000006c3800000, 0x00000006ca600000, 0x000000076bd80000)
  object space 112640K, 14% used [0x00000006c3800000,0x00000006c47f6588,0x00000006ca600000)
 Metaspace       used 24021K, capacity 24646K, committed 24832K, reserved 1071104K
  class space    used 2783K, capacity 2960K, committed 3072K, reserved 1048576K
Event: 3.783 GC heap after
Heap after GC invocations=8 (full 1):
 PSYoungGen      total 111616K, used 15852K [0x000000076bd80000, 0x0000000778100000, 0x00000007c0000000)
  eden space 95744K, 0% used [0x000000076bd80000,0x000000076bd80000,0x0000000771b00000)
  from space 15872K, 99% used [0x0000000771b00000,0x0000000772a7b1f8,0x0000000772a80000)
  to   space 19968K, 0% used [0x0000000776d80000,0x0000000776d80000,0x0000000778100000)
 ParOldGen       total 112640K, used 21116K [0x00000006c3800000, 0x00000006ca600000, 0x000000076bd80000)
  object space 112640K, 18% used [0x00000006c3800000,0x00000006c4c9f268,0x00000006ca600000)
 Metaspace       used 24021K, capacity 24646K, committed 24832K, reserved 1071104K
  class space    used 2783K, capacity 2960K, committed 3072K, reserved 1048576K
}
Event: 4.068 GC heap before
{Heap before GC invocations=9 (full 1):
 PSYoungGen      total 111616K, used 111596K [0x000000076bd80000, 0x0000000778100000, 0x00000007c0000000)
  eden space 95744K, 100% used [0x000000076bd80000,0x0000000771b00000,0x0000000771b00000)
  from space 15872K, 99% used [0x0000000771b00000,0x0000000772a7b1f8,0x0000000772a80000)
  to   space 19968K, 0% used [0x0000000776d80000,0x0000000776d80000,0x0000000778100000)
 ParOldGen       total 112640K, used 21116K [0x00000006c3800000, 0x00000006ca600000, 0x000000076bd80000)
  object space 112640K, 18% used [0x00000006c3800000,0x00000006c4c9f268,0x00000006ca600000)
 Metaspace       used 24023K, capacity 24646K, committed 24832K, reserved 1071104K
  class space    used 2783K, capacity 2960K, committed 3072K, reserved 1048576K
Event: 4.088 GC heap after
Heap after GC invocations=9 (full 1):
 PSYoungGen      total 177152K, used 19937K [0x000000076bd80000, 0x0000000778e80000, 0x00000007c0000000)
  eden space 157184K, 0% used [0x000000076bd80000,0x000000076bd80000,0x0000000775700000)
  from space 19968K, 99% used [0x0000000776d80000,0x00000007780f8550,0x0000000778100000)
  to   space 23040K, 0% used [0x0000000775700000,0x0000000775700000,0x0000000776d80000)
 ParOldGen       total 112640K, used 23598K [0x00000006c3800000, 0x00000006ca600000, 0x000000076bd80000)
  object space 112640K, 20% used [0x00000006c3800000,0x00000006c4f0b898,0x00000006ca600000)
 Metaspace       used 24023K, capacity 24646K, committed 24832K, reserved 1071104K
  class space    used 2783K, capacity 2960K, committed 3072K, reserved 1048576K
}
Event: 30.076 GC heap before
{Heap before GC invocations=10 (full 1):
 PSYoungGen      total 177152K, used 177121K [0x000000076bd80000, 0x0000000778e80000, 0x00000007c0000000)
  eden space 157184K, 100% used [0x000000076bd80000,0x0000000775700000,0x0000000775700000)
  from space 19968K, 99% used [0x0000000776d80000,0x00000007780f8550,0x0000000778100000)
  to   space 23040K, 0% used [0x0000000775700000,0x0000000775700000,0x0000000776d80000)
 ParOldGen       total 112640K, used 23598K [0x00000006c3800000, 0x00000006ca600000, 0x000000076bd80000)
  object space 112640K, 20% used [0x00000006c3800000,0x00000006c4f0b898,0x00000006ca600000)
 Metaspace       used 33724K, capacity 34538K, committed 34688K, reserved 1079296K
  class space    used 3979K, capacity 4202K, committed 4224K, reserved 1048576K
Event: 30.092 GC heap after
Heap after GC invocations=10 (full 1):
 PSYoungGen      total 180224K, used 23008K [0x000000076bd80000, 0x0000000778e80000, 0x00000007c0000000)
  eden space 157184K, 0% used [0x000000076bd80000,0x000000076bd80000,0x0000000775700000)
  from space 23040K, 99% used [0x0000000775700000,0x0000000776d78290,0x0000000776d80000)
  to   space 19968K, 0% used [0x0000000776d80000,0x0000000776d80000,0x0000000778100000)
 ParOldGen       total 112640K, used 27599K [0x00000006c3800000, 0x00000006ca600000, 0x000000076bd80000)
  object space 112640K, 24% used [0x00000006c3800000,0x00000006c52f3fd8,0x00000006ca600000)
 Metaspace       used 33724K, capacity 34538K, committed 34688K, reserved 1079296K
  class space    used 3979K, capacity 4202K, committed 4224K, reserved 1048576K
}

